\BOOKMARK [1][-]{section.1}{\376\377\000I\000n\000t\000r\000o\000d\000u\000c\000c\000i\000\363\000n}{}% 1
\BOOKMARK [1][-]{section.2}{\376\377\000D\000e\000s\000a\000r\000r\000o\000l\000l\000o}{}% 2
\BOOKMARK [2][-]{subsection.2.1}{\376\377\000D\000e\000s\000c\000r\000i\000p\000c\000i\000\363\000n\000\040\000d\000e\000l\000\040\000a\000l\000g\000o\000r\000i\000t\000m\000o}{section.2}% 3
\BOOKMARK [3][-]{subsubsection.2.1.1}{\376\377\000A\000u\000t\000\363\000m\000a\000t\000a\000\040\000F\000i\000n\000i\000t\000o\000\040\000D\000e\000t\000e\000r\000m\000i\000n\000i\000s\000t\000a\000\040\000\050\000A\000F\000D\000\051}{subsection.2.1}% 4
\BOOKMARK [3][-]{subsubsection.2.1.2}{\376\377\000T\000o\000k\000e\000n\000i\000z\000a\000c\000i\000\363\000n}{subsection.2.1}% 5
\BOOKMARK [3][-]{subsubsection.2.1.3}{\376\377\000A\000n\000\341\000l\000i\000s\000i\000s\000\040\000d\000e\000\040\000S\000e\000n\000t\000i\000m\000i\000e\000n\000t\000o}{subsection.2.1}% 6
\BOOKMARK [3][-]{subsubsection.2.1.4}{\376\377\000V\000e\000r\000i\000f\000i\000c\000a\000c\000i\000\363\000n\000\040\000d\000e\000l\000\040\000P\000r\000o\000t\000o\000c\000o\000l\000o\000\040\000d\000e\000\040\000A\000t\000e\000n\000c\000i\000\363\000n}{subsection.2.1}% 7
\BOOKMARK [3][-]{subsubsection.2.1.5}{\376\377\000E\000s\000t\000r\000u\000c\000t\000u\000r\000a\000\040\000d\000e\000\040\000D\000a\000t\000o\000s}{subsection.2.1}% 8
\BOOKMARK [3][-]{subsubsection.2.1.6}{\376\377\000S\000a\000l\000i\000d\000a\000\040\000d\000e\000\040\000R\000e\000s\000u\000l\000t\000a\000d\000o\000s}{subsection.2.1}% 9
\BOOKMARK [2][-]{subsection.2.2}{\376\377\000D\000e\000c\000i\000s\000i\000o\000n\000e\000s\000\040\000T\000o\000m\000a\000d\000a\000s}{section.2}% 10
\BOOKMARK [3][-]{subsubsection.2.2.1}{\376\377\000S\000e\000l\000e\000c\000c\000i\000\363\000n\000\040\000d\000e\000\040\000u\000n\000\040\000A\000F\000D}{subsection.2.2}% 11
\BOOKMARK [3][-]{subsubsection.2.2.2}{\376\377\000D\000e\000f\000i\000n\000i\000c\000i\000\363\000n\000\040\000d\000e\000\040\000E\000s\000t\000a\000d\000o\000s\000\040\000y\000\040\000T\000r\000a\000n\000s\000i\000c\000i\000o\000n\000e\000s}{subsection.2.2}% 12
\BOOKMARK [3][-]{subsubsection.2.2.3}{\376\377\000I\000m\000p\000l\000e\000m\000e\000n\000t\000a\000c\000i\000\363\000n\000\040\000d\000e\000\040\000l\000a\000\040\000T\000o\000k\000e\000n\000i\000z\000a\000c\000i\000\363\000n}{subsection.2.2}% 13
\BOOKMARK [3][-]{subsubsection.2.2.4}{\376\377\000V\000e\000r\000i\000f\000i\000c\000a\000c\000i\000\363\000n\000\040\000d\000e\000l\000\040\000P\000r\000o\000t\000o\000c\000o\000l\000o}{subsection.2.2}% 14
\BOOKMARK [3][-]{subsubsection.2.2.5}{\376\377\000S\000a\000l\000i\000d\000a\000\040\000y\000\040\000V\000i\000s\000u\000a\000l\000i\000z\000a\000c\000i\000\363\000n\000\040\000d\000e\000\040\000R\000e\000s\000u\000l\000t\000a\000d\000o\000s}{subsection.2.2}% 15
\BOOKMARK [2][-]{subsection.2.3}{\376\377\000A\000l\000c\000a\000n\000c\000e\000\040\000d\000e\000l\000\040\000P\000r\000o\000y\000e\000c\000t\000o}{section.2}% 16
\BOOKMARK [3][-]{subsubsection.2.3.1}{\376\377\000C\000l\000a\000s\000i\000f\000i\000c\000a\000c\000i\000\363\000n\000\040\000d\000e\000\040\000L\000e\000x\000e\000m\000a\000s}{subsection.2.3}% 17
\BOOKMARK [3][-]{subsubsection.2.3.2}{\376\377\000A\000n\000\341\000l\000i\000s\000i\000s\000\040\000d\000e\000\040\000S\000e\000n\000t\000i\000m\000i\000e\000n\000t\000o\000s}{subsection.2.3}% 18
\BOOKMARK [3][-]{subsubsection.2.3.3}{\376\377\000V\000e\000r\000i\000f\000i\000c\000a\000c\000i\000\363\000n\000\040\000d\000e\000\040\000P\000r\000o\000t\000o\000c\000o\000l\000o\000s\000\040\000d\000e\000\040\000A\000t\000e\000n\000c\000i\000\363\000n}{subsection.2.3}% 19
\BOOKMARK [3][-]{subsubsection.2.3.4}{\376\377\000M\000a\000n\000e\000j\000o\000\040\000d\000e\000\040\000p\000a\000l\000a\000b\000r\000a\000s\000\040\000n\000o\000\040\000c\000l\000a\000s\000i\000f\000i\000c\000a\000d\000a\000s}{subsection.2.3}% 20
\BOOKMARK [3][-]{subsubsection.2.3.5}{\376\377\000G\000e\000n\000e\000r\000a\000c\000i\000\363\000n\000\040\000d\000e\000\040\000I\000n\000f\000o\000r\000m\000e\000s}{subsection.2.3}% 21
\BOOKMARK [2][-]{subsection.2.4}{\376\377\000E\000s\000t\000r\000a\000t\000e\000g\000i\000a\000s\000\040\000A\000p\000l\000i\000c\000a\000d\000a\000s}{section.2}% 22
\BOOKMARK [3][-]{subsubsection.2.4.1}{\376\377\000D\000e\000s\000a\000r\000r\000o\000l\000l\000o\000\040\000M\000o\000d\000u\000l\000a\000r}{subsection.2.4}% 23
\BOOKMARK [3][-]{subsubsection.2.4.2}{\376\377\000U\000s\000o\000\040\000d\000e\000\040\000A\000F\000D\000\040\000p\000a\000r\000a\000\040\000E\000f\000i\000c\000i\000e\000n\000c\000i\000a}{subsection.2.4}% 24
\BOOKMARK [3][-]{subsubsection.2.4.3}{\376\377\000I\000m\000p\000l\000e\000m\000e\000n\000t\000a\000c\000i\000\363\000n\000\040\000d\000e\000\040\000T\000a\000b\000l\000a\000s\000\040\000d\000e\000\040\000S\000e\000n\000t\000i\000m\000i\000e\000n\000t\000o\000s}{subsection.2.4}% 25
\BOOKMARK [3][-]{subsubsection.2.4.4}{\376\377\000R\000e\000c\000o\000p\000i\000l\000a\000c\000i\000\363\000n\000\040\000d\000e\000\040\000D\000a\000t\000o\000s\000\040\000y\000\040\000M\000e\000j\000o\000r\000a\000\040\000C\000o\000n\000t\000i\000n\000u\000a}{subsection.2.4}% 26
\BOOKMARK [3][-]{subsubsection.2.4.5}{\376\377\000V\000a\000l\000i\000d\000a\000c\000i\000\363\000n\000\040\000d\000e\000\040\000R\000e\000s\000u\000l\000t\000a\000d\000o\000s}{subsection.2.4}% 27
\BOOKMARK [2][-]{subsection.2.5}{\376\377\000C\000\363\000d\000i\000g\000o\000\040\000F\000u\000e\000n\000t\000e}{section.2}% 28
\BOOKMARK [3][-]{subsubsection.2.5.1}{\376\377\000C\000l\000a\000s\000e\000\040\000A\000F\000D}{subsection.2.5}% 29
\BOOKMARK [3][-]{subsubsection.2.5.2}{\376\377\000C\000l\000a\000s\000e\000\040\000T\000o\000k\000e\000n\000i\000z\000a\000d\000o\000r\000A\000F\000D}{subsection.2.5}% 30
\BOOKMARK [3][-]{subsubsection.2.5.3}{\376\377\000\040\000A\000n\000\341\000l\000i\000s\000i\000s\000\040\000d\000e\000\040\000S\000e\000n\000t\000i\000m\000i\000e\000n\000t\000o\000s\000\040\000y\000\040\000V\000e\000r\000i\000f\000i\000c\000a\000c\000i\000\363\000n\000\040\000d\000e\000\040\000P\000r\000o\000t\000o\000c\000o\000l\000o}{subsection.2.5}% 31
\BOOKMARK [3][-]{subsubsection.2.5.4}{\376\377\000C\000l\000a\000s\000e\000\040\000M\000a\000n\000e\000j\000o\000\040\000d\000e\000\040\000T\000a\000b\000l\000a\000\040\000d\000e\000\040\000S\000e\000n\000t\000i\000m\000i\000e\000n\000t\000o\000s}{subsection.2.5}% 32
\BOOKMARK [3][-]{subsubsection.2.5.5}{\376\377\000G\000e\000s\000t\000i\000\363\000n\000\040\000d\000e\000\040\000S\000e\000n\000t\000i\000m\000i\000e\000n\000t\000o\000s}{subsection.2.5}% 33
\BOOKMARK [3][-]{subsubsection.2.5.6}{\376\377\000F\000u\000n\000c\000i\000\363\000n\000\040\000p\000r\000i\000n\000c\000i\000p\000a\000l}{subsection.2.5}% 34
\BOOKMARK [2][-]{subsection.2.6}{\376\377\000R\000e\000s\000u\000l\000t\000a\000d\000o\000s}{section.2}% 35
\BOOKMARK [1][-]{section.3}{\376\377\000C\000o\000n\000c\000l\000u\000s\000i\000\363\000n}{}% 36
